[tapas.io/index.html]
[backblue.gif]
[fade.gif]
[index.html]
[d30womf5coomej.cloudfront.net/a/f5/f849495f-9dfd-4c51-ad7d-27ffe053d86d.jpg]
[d30womf5coomej.cloudfront.net/resources/images/tapastic-touch-icon.png]
[d30womf5coomej.cloudfront.net/a/5f/9e3f4ec1-f9b3-485a-8d03-7dac9543702f.jpg]
[d30womf5coomej.cloudfront.net/a/e2/c327c9c3-6f33-44aa-b95d-874a4943f8d6.jpg]
[d30womf5coomej.cloudfront.net/sa/38/fbaf5880-0a1a-4a1b-b7ea-69a2a1f2dc56_m.jpg]
[d30womf5coomej.cloudfront.net/sa/38/efb4011c-5ba3-4c6f-97e2-a203c0949206_m.jpg]
[d30womf5coomej.cloudfront.net/sa/b3/8257eac9-1bb9-4c6c-85e9-16a8fa07828e_m.png]
[d30womf5coomej.cloudfront.net/sa/c5/cf036984-ed0a-409c-aed2-bd4c58df7a2b_m.jpg]
[d30womf5coomej.cloudfront.net/sa/24/506c12b7-59b7-40f9-8139-77b215127a91_m.jpg]
[d30womf5coomej.cloudfront.net/sa/67/1bc48333-5e46-4f6f-8de5-9aca14fdda60_m.jpg]
[d30womf5coomej.cloudfront.net/sa/8a/aa/22/e6/ea2f986d31d64d02a35cd06bc43dca2e_m.jpg]
[d30womf5coomej.cloudfront.net/sa/d1/e59ff93c-57ce-4b5d-a17c-be9ea2ca21af_m.jpg]
[d30womf5coomej.cloudfront.net/sa/de/58993506-ba87-4cc6-84b2-bef0387668d8_m.jpg]
[d30womf5coomej.cloudfront.net/sa/1c/af303191-a210-4ab5-993c-af16cd05fa36_m.jpg]
[d30womf5coomej.cloudfront.net/sa/b6/74f33af5-ab34-46fe-9aff-e8a5079e6d4d_m.jpg]
[d30womf5coomej.cloudfront.net/sa/1b/b1fd1342-cce3-4dc3-bfbd-0df1e3c5101f_m.jpg]
[d30womf5coomej.cloudfront.net/sa/53/8d187504-8bf5-4776-ae63-6e0998607c3b_m.jpg]
[d30womf5coomej.cloudfront.net/sa/b6/f35deaad-546e-45bb-ae13-f51420107e14_m.jpg]
[d30womf5coomej.cloudfront.net/sa/ae/292a327a-4a3a-4d15-a25d-0c1c61c1352c_m.jpg]
[d30womf5coomej.cloudfront.net/sa/b8/8b1e1d7b-aaf0-4e68-8134-6065d99fabe0_m.jpg]
[d30womf5coomej.cloudfront.net/sa/e0/af64ac90-088a-4d8c-a55a-1bf1144aee38_m.png]
[d30womf5coomej.cloudfront.net/sa/10/20e96b31-4e41-460a-92cc-114c188d730f_m.jpg]
[d30womf5coomej.cloudfront.net/sa/02/16679ecd-d791-4c0d-b830-227ac583312f_m.jpg]
[d30womf5coomej.cloudfront.net/sa/7b/4e6dc13a-d0b2-4e8d-a9f4-9080f1bf8051_m.jpg]
[d30womf5coomej.cloudfront.net/a/dd/923a7ce6-5ff0-4cbf-b9a3-41b23d4f5dd6.jpg]
[d30womf5coomej.cloudfront.net/a/99/0adb01ea-e7cb-4c53-bcf8-a075383754a2.jpg]
[d30womf5coomej.cloudfront.net/a/d1/7071042e-6b93-469a-a765-3460191e356c.jpg]
[d30womf5coomej.cloudfront.net/a/73/6fc900ca-f498-4066-b2d7-efb41a5cb876.jpg]
[d30womf5coomej.cloudfront.net/sa/14/c9088e96-89fe-424b-a976-d4e494180dab_m.jpg]
[d30womf5coomej.cloudfront.net/sa/62/24376df6-296d-44a4-af14-e39dd917465c_m.jpg]
[d30womf5coomej.cloudfront.net/sa/8e/8cf5e280-da44-4d37-a860-002012aa5ee2_m.jpg]
[d30womf5coomej.cloudfront.net/sa/9c/34d3c140-4904-426b-853d-975beff5415d_m.jpg]
[d30womf5coomej.cloudfront.net/sa/f5/1398f430-2d3c-41e1-9413-5c7a4961361e_m.jpg]
[d30womf5coomej.cloudfront.net/sa/dd/020b8423-f05d-4ebc-a18a-5c5bc3e327f6_m.png]
[d30womf5coomej.cloudfront.net/sa/c1/d584ff3b-b6bb-48e2-bcb8-9296a1130afb_m.jpg]
[d30womf5coomej.cloudfront.net/sa/90/bc73c15f-e5b2-4bb4-a8c2-c77f164aca64_m.jpg]
[d30womf5coomej.cloudfront.net/sa/4a/1c8a962b-d5a7-40d6-bc61-11f95104ee13_m.jpg]
[d30womf5coomej.cloudfront.net/sa/a3/eea7884f-50d9-4f34-959b-13d8c80f0b81_m.jpg]
[d30womf5coomej.cloudfront.net/sa/5b/6a57f785-1e1c-403c-8725-b46b5f24bcf2_m.jpg]
[d30womf5coomej.cloudfront.net/sa/e3/da784258-4f5f-470b-a0e0-b7793bf71720_m.jpg]
[d30womf5coomej.cloudfront.net/sa/31/ca9647d8-5f86-43c9-8b74-1346ced15f77_m.jpg]
[d30womf5coomej.cloudfront.net/sa/2d/bcda820b-7ab7-4645-8d17-1c694139bbf3_m.jpg]
[d30womf5coomej.cloudfront.net/sa/e7/30af2b8e-ded9-4353-819f-92d17deeed36_m.png]
[d30womf5coomej.cloudfront.net/sa/ee/741524ed-cc58-459a-97e1-cc418988f6d5_m.jpg]
[d30womf5coomej.cloudfront.net/sa/0e/7ed56e5e-3607-4baf-911e-5cb38c3fa99f_m.jpg]
[d30womf5coomej.cloudfront.net/sa/16/294093b5-736c-4eaf-b263-35f732b750d4_m.jpg]
[d30womf5coomej.cloudfront.net/sa/83/33e2662b-8bea-44b8-b908-f81974e88709_m.jpg]
[d30womf5coomej.cloudfront.net/sa/9b/c1f05d7a-a384-428e-a865-ead1ea4de5d6_m.jpg]
[d30womf5coomej.cloudfront.net/sa/ee/31342fdb-26d2-4214-9442-5ef82de36059_m.jpg]
[d30womf5coomej.cloudfront.net/sa/67/b2c05ebb-3b14-49f2-9d31-0325a088dc22_m.jpg]
[d30womf5coomej.cloudfront.net/sa/41/975f54af-ba7b-4550-afa7-70b07a8d9ac9_m.jpg]
[d30womf5coomej.cloudfront.net/sa/84/948fba42-7dbd-48c0-b3cf-680a46da30df_m.png]
[d30womf5coomej.cloudfront.net/sa/85/2bbb5823-7944-4617-8b64-5492fa5d9947_m.jpg]
[d30womf5coomej.cloudfront.net/sa/5f/af86c680-3718-40ea-aff8-e58b0a502628_m.jpg]
[d30womf5coomej.cloudfront.net/sa/8b/ba181df0-1157-4675-86d6-2dddd1243b5b_m.png]
[d30womf5coomej.cloudfront.net/sa/84/8a6f360f-d368-4649-ac1a-5438c43958d8_m.jpg]
[d30womf5coomej.cloudfront.net/sa/91/02c20349-b11b-456c-a965-1b209a09f35a_m.jpg]
[d30womf5coomej.cloudfront.net/sa/16/89cff33f-7a37-46ac-a1d1-cb8ad5493d01_m.png]
[d30womf5coomej.cloudfront.net/sa/f9/8c198872-cc5d-49b8-83b6-d6b122bb7fc3_m.jpg]
[d30womf5coomej.cloudfront.net/sa/b6/8d92c8e1-7680-4a55-ada8-2108b42ec1da_m.jpg]
[d30womf5coomej.cloudfront.net/sa/e4/c293bec9-4546-42a2-a87a-f78a56dd8727_m.jpg]
[d30womf5coomej.cloudfront.net/sa/49/5e5cfd6b-2eb2-467f-8850-f54b77d381cf_m.jpg]
[d30womf5coomej.cloudfront.net/sa/7e/af7ba6e0-a7f5-4313-8426-40dcfc6fd695_m.jpg]
[d30womf5coomej.cloudfront.net/sa/47/a3c9a176-5acb-4145-8f53-763a3cac3354_m.jpg]
[d30womf5coomej.cloudfront.net/sa/02/92a6a2db-0114-4f8f-b84f-c2b71cb4d65b_m.jpg]
[d30womf5coomej.cloudfront.net/sa/70/373fc613-c010-4d2f-a1d2-f4e940ce057c_m.jpg]
[d30womf5coomej.cloudfront.net/sa/ff/04546647-4da3-4057-9d9f-25b6f7fb3c47_m.jpg]
[d30womf5coomej.cloudfront.net/sa/6a/b3878cc1-461a-49c3-9c08-5b16666c3229_m.jpg]
[d30womf5coomej.cloudfront.net/sa/35/80ca3c5b-e375-4ff7-aa37-5e5e9fbc9fd2_m.png]
[d30womf5coomej.cloudfront.net/sa/0f/bbcc1c4d-b869-46bf-a8a7-721f00fb632c_m.jpg]
[d30womf5coomej.cloudfront.net/sa/6a/95f4fe02-d4a9-485f-aee6-e48ddec3fcc4_m.png]
[d30womf5coomej.cloudfront.net/sa/ea/62bce5fe-a5a4-4269-a7c3-4110bc880525_m.jpg]
[d30womf5coomej.cloudfront.net/sa/f2/14435914-8f3b-4e57-a643-ca6a19419528_m.jpg]
[d30womf5coomej.cloudfront.net/sa/e4/d7834023-2808-4dfd-a50d-f4a7513a5b3c_m.jpg]
[d30womf5coomej.cloudfront.net/sa/8d/88fb5f45-db47-498d-9aa4-a2dd4966bde8_m.jpg]
[d30womf5coomej.cloudfront.net/sa/01/abe72a37-d268-469e-ae05-f4178418a46b_m.jpg]
[d30womf5coomej.cloudfront.net/sa/f9/f5f8dcbb-f0e1-4d55-a75e-45c8db3728bb_m.jpg]
[d30womf5coomej.cloudfront.net/sa/44/f3b979e0-53e9-45c5-95ab-d6b1693a6bce_m.jpg]
[d30womf5coomej.cloudfront.net/sa/71/b3839dde-df8a-4423-97a6-eaf005b691e9_m.jpg]
[d30womf5coomej.cloudfront.net/sa/23/2f8e81df-a521-4797-ba44-e0dcb298506d_m.jpg]
[d30womf5coomej.cloudfront.net/sa/9c/1fc0f3df-afc3-4475-a7d1-012aa1852d28_m.jpg]
[d30womf5coomej.cloudfront.net/sa/7c/9f94c829-9e1f-4743-9965-eb6c5e5c499e_m.jpg]
[d30womf5coomej.cloudfront.net/sa/df/c9be63de-e837-4101-9be2-e3f396664157_m.jpg]
[d30womf5coomej.cloudfront.net/sa/34/d536c76a-2ce1-4fcc-a73f-dea83fa9aa56_m.png]
[d30womf5coomej.cloudfront.net/sa/ef/503abd79-c9a7-4b19-bb4c-8a815014091c_m.jpg]
[d30womf5coomej.cloudfront.net/sa/49/42458761-95a2-4f86-b843-11a635151dde_m.jpg]
[d30womf5coomej.cloudfront.net/sa/ae/a4458e9b-c5d2-42b2-86d6-6125de8813c9_m.jpg]
[d30womf5coomej.cloudfront.net/sa/4e/06a26c85-bfa7-4681-9d3a-dcdfa840ed26_m.jpg]
[d30womf5coomej.cloudfront.net/sa/80/c1f7fe17-3db9-4098-8543-72defd57bcea_m.png]
[d30womf5coomej.cloudfront.net/sa/5e/56e36758-b40a-4e79-a3c6-d6780c9e8550_m.jpg]
[d30womf5coomej.cloudfront.net/sa/c2/f62b6bf4-3a4f-4738-a189-98a77ca66778_m.png]
[d30womf5coomej.cloudfront.net/sa/a0/ab7a32b1-382c-4b3c-8344-b48e0435e6f2_m.png]
[d30womf5coomej.cloudfront.net/sa/f0/b0bbb4d8-0f57-4ca8-8b91-e6bfd3c49c56_m.png]
[d30womf5coomej.cloudfront.net/sa/a2/10da5819-5996-4122-830d-0ef2950718a8_m.jpg]
[d30womf5coomej.cloudfront.net/sa/8a/637d145a-e648-4665-a144-d01ac878e392_m.png]
[d30womf5coomej.cloudfront.net/sa/1c/ea44d0d6-cc7e-4dd7-ac0f-3284c835d73d_m.jpg]
[d30womf5coomej.cloudfront.net/sa/95/d9c68e61-4a74-4fa1-99a0-7fd2cd2238bc_m.png]
[d30womf5coomej.cloudfront.net/sa/1e/dce877da-94e5-4be1-aa6d-cc9f8fef6c75_m.png]
[d30womf5coomej.cloudfront.net/sa/9b/045527ed-77a7-4de1-a1b0-c3bb895e2aa6_m.jpg]
[d30womf5coomej.cloudfront.net/sa/91/f6089ce8-a0f4-4c88-b3e9-a7d4f702a02b_m.jpg]
[d30womf5coomej.cloudfront.net/sa/19/99a262e6-ebc1-4e83-a34c-00aa42a71d87_m.jpg]
[d30womf5coomej.cloudfront.net/sa/fb/dc22a985-ac2c-4a9b-b388-be5466b6dbe9_m.png]
[d30womf5coomej.cloudfront.net/sa/cd/78c09688-112d-48b0-b827-18f3e6ab8373_m.jpg]
[d30womf5coomej.cloudfront.net/sa/5e/b70c46ad-2ef4-495a-9110-5cf3c1e04fe0_m.png]
[d30womf5coomej.cloudfront.net/sa/dc/14bfe80d-abcf-4bd8-b0b4-7821a7b20b4e_m.png]
[d30womf5coomej.cloudfront.net/sa/c8/b0cf46d2-1ac9-43fb-a071-4a8f18fe1a91_m.jpg]
[d30womf5coomej.cloudfront.net/sa/bc/1ee2e0e1-de21-4c0b-be33-f356776df18b_m.png]
[d30womf5coomej.cloudfront.net/sa/57/41474a42-6685-4391-85f4-bd73f0293665_m.png]
[d30womf5coomej.cloudfront.net/sa/0b/0f74ae18-6ea6-406c-b801-fe37fdaf9b2f_m.png]
[d30womf5coomej.cloudfront.net/sa/ab/6cc1182f-7f3b-4052-bd62-5c9b88e90c62_m.jpg]
[d30womf5coomej.cloudfront.net/sa/75/a34f4108-8b4f-495b-ac9f-72c34c959933_m.png]
[d30womf5coomej.cloudfront.net/sa/3b/cd5e9461-19ed-4832-873c-71b3d7d890bf_m.png]
[d30womf5coomej.cloudfront.net/sa/37/a1030cd0-f8a1-4900-9e40-20ba66a9d07e_m.png]
[d30womf5coomej.cloudfront.net/sa/73/9860cdaf-172b-4604-b309-10368eaac6a8_m.png]
[d30womf5coomej.cloudfront.net/sa/79/e8d3ab28-5260-4959-b83a-f5a0e316df3d_m.png]
[d30womf5coomej.cloudfront.net/sa/37/1fd93adb-5c11-477e-996e-39578cafbebe_m.png]
[d30womf5coomej.cloudfront.net/sa/f4/4c5547bd-dad3-48cd-9842-ced6533c4790_m.png]
[d30womf5coomej.cloudfront.net/sa/db/ca00d552-22d6-47e7-b8bb-3f7d70956847_m.png]
[d30womf5coomej.cloudfront.net/sa/1e/e19dbf95-955b-45ba-b9c3-eee50527b1ae_m.png]
[d30womf5coomej.cloudfront.net/sa/1c/e7c3f8a4-0aad-4443-b40f-3e38874ac643_m.png]
[d30womf5coomej.cloudfront.net/sa/d5/89c29ea2-83b1-41a2-98a0-ce7b4ef66cfa_m.png]
[d30womf5coomej.cloudfront.net/sa/cd/fcd04852-ba26-40c0-8bd1-b97c658cb44f_m.png]
[d30womf5coomej.cloudfront.net/a/03/577d1a32-b0cf-4731-bcdb-ca788f043f49.jpg]
[d30womf5coomej.cloudfront.net/a/a2/3cb39ad3-cffe-4b91-baec-713b32d2b5c1.jpg]
[d30womf5coomej.cloudfront.net/a/ff/19c1bd83-d95e-48d3-a3f4-996a73f18897.jpg]
[d30womf5coomej.cloudfront.net/a/39/b550a156-7484-46b7-8bfc-76c771cd5685.jpg]
[d30womf5coomej.cloudfront.net/a/86/5fc860d0-60be-4141-a160-f72ce3f0df6a.jpg]
[d30womf5coomej.cloudfront.net/a/87/6e1f2333-07d6-491b-9f5c-1197bb5261c9.jpg]
[d30womf5coomej.cloudfront.net/a/44/c89d1d5c-d83d-438f-b363-869377ef48a5.jpg]
[d30womf5coomej.cloudfront.net/a/e8/f26850ce-6fbb-4d3f-a923-905e4e2f73d7.jpg]
[d30womf5coomej.cloudfront.net/a/e0/49e9d426-6527-47ea-9c5f-a6b516d42d55.jpg]
[d30womf5coomej.cloudfront.net/a/4c/c77e0407-7a3f-420a-a9e4-9cbd3b437084.jpg]
[d30womf5coomej.cloudfront.net/a/2e/3c83a3bf-d7bb-4f74-8e4b-07625dea79c3.jpg]
[d30womf5coomej.cloudfront.net/a/dc/5ef007a8-9af0-49fd-af58-70abff30ee1f.jpg]
[d30womf5coomej.cloudfront.net/a/c7/5e417789-bf0b-40b7-899e-9c50de04d3fd.jpg]
[d30womf5coomej.cloudfront.net/sa/cd/3435f3af-cd13-4b40-8c47-2180760716c8_m.jpg]
[d30womf5coomej.cloudfront.net/sa/79/94872b82-58f2-4057-ba8f-5d5a3cbcd7ba_m.jpg]
[d30womf5coomej.cloudfront.net/sa/6d/59c61f37-863b-4116-8e68-fe07b7793aeb_m.jpg]
[d30womf5coomej.cloudfront.net/sa/44/6db36553-a221-42b4-b619-496a9aabc73e_m.jpg]
[d30womf5coomej.cloudfront.net/sa/27/cc75f9b0-752b-474c-b5c5-335553003f90_m.png]
[d30womf5coomej.cloudfront.net/sa/30/b2b9e987-d7b5-4994-8de7-1dd2f4c60eb4_m.png]
[d30womf5coomej.cloudfront.net/sa/ca/fc2978d4-9871-408c-b350-e350054ac926_m.png]
[d30womf5coomej.cloudfront.net/sa/31/4619f9f0-d084-450c-bdfa-614cbb4ddd13_m.jpg]
